  juego.cpp
C:\Users\Wilbe\source\repos\juego\juego\juego.cpp(112,17): warning C4473: "scanf_s": no se pasaron suficientes argumentos para la cadena de formato
      C:\Users\Wilbe\source\repos\juego\juego\juego.cpp(112,17):
      los marcadores de posición y sus parámetros esperan 2 argumentos variádicos, pero se proporcionaron 1
      C:\Users\Wilbe\source\repos\juego\juego\juego.cpp(112,17):
      el argumento variádico 2 que falta es requerido por la cadena de formato '%c'
      C:\Users\Wilbe\source\repos\juego\juego\juego.cpp(112,17):
      este argumento se utiliza como un tamaño de búfer
  
C:\Users\Wilbe\source\repos\juego\juego\juego.cpp(155,17): warning C4473: "scanf_s": no se pasaron suficientes argumentos para la cadena de formato
      C:\Users\Wilbe\source\repos\juego\juego\juego.cpp(155,17):
      los marcadores de posición y sus parámetros esperan 2 argumentos variádicos, pero se proporcionaron 1
      C:\Users\Wilbe\source\repos\juego\juego\juego.cpp(155,17):
      el argumento variádico 2 que falta es requerido por la cadena de formato '%c'
      C:\Users\Wilbe\source\repos\juego\juego\juego.cpp(155,17):
      este argumento se utiliza como un tamaño de búfer
  
C:\Users\Wilbe\source\repos\juego\juego\juego.cpp(194,17): warning C4473: "scanf_s": no se pasaron suficientes argumentos para la cadena de formato
      C:\Users\Wilbe\source\repos\juego\juego\juego.cpp(194,17):
      los marcadores de posición y sus parámetros esperan 2 argumentos variádicos, pero se proporcionaron 1
      C:\Users\Wilbe\source\repos\juego\juego\juego.cpp(194,17):
      el argumento variádico 2 que falta es requerido por la cadena de formato '%c'
      C:\Users\Wilbe\source\repos\juego\juego\juego.cpp(194,17):
      este argumento se utiliza como un tamaño de búfer
  
  juego.vcxproj -> C:\Users\Wilbe\source\repos\juego\x64\Debug\juego.exe
